{"timestamp":"2025-12-16T14:35:09.233Z","type":"ACTION","user_id":"10","user_name":"admin","role_name":"ADMIN","action":"role_authorization","status":"success","ip":"::1"}
{"timestamp":"2025-12-16T14:35:09.341Z","type":"ACTION","user_id":"10","user_name":"admin","role_name":"ADMIN","method":"GET","path":"/api/system-config/active","action":"GET /api/system-config/active","ip":"::1"}
{"timestamp":"2025-12-16T14:35:09.379Z","type":"ACTION","user_id":"10","user_name":"admin","role_name":"ADMIN","method":"GET","path":"/api/system-config/active","action":"GET /api/system-config/active","ip":"::1"}
{"timestamp":"2025-12-16T14:35:49.108Z","type":"ACTION","user_id":"10","user_name":"admin","role_name":"ADMIN","method":"GET","path":"/api/states","action":"GET /api/states","ip":"::1"}
{"timestamp":"2025-12-16T14:35:49.226Z","type":"ACTION","user_id":"10","user_name":"admin","role_name":"ADMIN","method":"GET","path":"/api/states","action":"GET /api/states","ip":"::1"}
{"timestamp":"2025-12-16T14:36:15.006Z","type":"ACTION","user_id":"10","user_name":"admin","role_name":"ADMIN","method":"GET","path":"/api/exams/assigned","action":"GET /api/exams/assigned","ip":"::1"}
{"timestamp":"2025-12-16T14:36:15.015Z","type":"ACTION","user_id":"10","user_name":"admin","role_name":"ADMIN","method":"GET","path":"/api/exams/exam-centres","action":"GET /api/exams/exam-centres","ip":"::1"}
{"timestamp":"2025-12-16T14:36:15.023Z","type":"ACTION","user_id":"10","user_name":"admin","role_name":"ADMIN","method":"GET","path":"/api/exams/divisions-by-state/1","action":"GET /api/exams/divisions-by-state/1","ip":"::1"}
{"timestamp":"2025-12-16T14:36:15.031Z","type":"ACTION","user_id":"10","user_name":"admin","role_name":"ADMIN","method":"GET","path":"/api/exams/used-blocks","action":"GET /api/exams/used-blocks","ip":"::1"}
{"timestamp":"2025-12-16T14:36:15.042Z","type":"ACTION","user_id":"10","user_name":"admin","role_name":"ADMIN","method":"GET","path":"/api/exams/notassigned","action":"GET /api/exams/notassigned","ip":"::1"}
{"timestamp":"2025-12-16T14:36:15.115Z","type":"ACTION","user_id":"10","user_name":"admin","role_name":"ADMIN","method":"GET","path":"/api/exams/divisions-by-state/1","action":"GET /api/exams/divisions-by-state/1","ip":"::1"}
{"timestamp":"2025-12-16T14:36:15.130Z","type":"ACTION","user_id":"10","user_name":"admin","role_name":"ADMIN","method":"GET","path":"/api/exams/assigned","action":"GET /api/exams/assigned","ip":"::1"}
{"timestamp":"2025-12-16T14:36:15.144Z","type":"ACTION","user_id":"10","user_name":"admin","role_name":"ADMIN","method":"GET","path":"/api/exams/blocks-by-district/2901","action":"GET /api/exams/blocks-by-district/2901","ip":"::1"}
{"timestamp":"2025-12-16T14:36:15.149Z","type":"ACTION","user_id":"10","user_name":"admin","role_name":"ADMIN","method":"GET","path":"/api/exams/exam-centres","action":"GET /api/exams/exam-centres","ip":"::1"}
{"timestamp":"2025-12-16T14:36:15.154Z","type":"ACTION","user_id":"10","user_name":"admin","role_name":"ADMIN","method":"GET","path":"/api/exams/used-blocks","action":"GET /api/exams/used-blocks","ip":"::1"}
{"timestamp":"2025-12-16T14:36:15.161Z","type":"ACTION","user_id":"10","user_name":"admin","role_name":"ADMIN","method":"GET","path":"/api/exams/blocks-by-district/2901","action":"GET /api/exams/blocks-by-district/2901","ip":"::1"}
{"timestamp":"2025-12-16T14:36:15.168Z","type":"ACTION","user_id":"10","user_name":"admin","role_name":"ADMIN","method":"GET","path":"/api/exams/blocks-by-district/2901","action":"GET /api/exams/blocks-by-district/2901","ip":"::1"}
{"timestamp":"2025-12-16T14:36:15.174Z","type":"ACTION","user_id":"10","user_name":"admin","role_name":"ADMIN","method":"GET","path":"/api/exams/notassigned","action":"GET /api/exams/notassigned","ip":"::1"}
{"timestamp":"2025-12-16T14:36:15.178Z","type":"ACTION","user_id":"10","user_name":"admin","role_name":"ADMIN","method":"GET","path":"/api/exams/blocks-by-district/2901","action":"GET /api/exams/blocks-by-district/2901","ip":"::1"}
{"timestamp":"2025-12-16T14:36:28.602Z","type":"ACTION","user_id":"10","user_name":"admin","role_name":"ADMIN","method":"GET","path":"/api/exams/assigned","action":"GET /api/exams/assigned","ip":"::1"}
{"timestamp":"2025-12-16T14:36:28.608Z","type":"ACTION","user_id":"10","user_name":"admin","role_name":"ADMIN","method":"GET","path":"/api/exams/exam-centres","action":"GET /api/exams/exam-centres","ip":"::1"}
{"timestamp":"2025-12-16T14:36:28.618Z","type":"ACTION","user_id":"10","user_name":"admin","role_name":"ADMIN","method":"GET","path":"/api/exams/divisions-by-state/1","action":"GET /api/exams/divisions-by-state/1","ip":"::1"}
{"timestamp":"2025-12-16T14:36:28.634Z","type":"ACTION","user_id":"10","user_name":"admin","role_name":"ADMIN","method":"GET","path":"/api/exams/used-blocks","action":"GET /api/exams/used-blocks","ip":"::1"}
{"timestamp":"2025-12-16T14:36:28.756Z","type":"ACTION","user_id":"10","user_name":"admin","role_name":"ADMIN","method":"GET","path":"/api/exams/assigned","action":"GET /api/exams/assigned","ip":"::1"}
{"timestamp":"2025-12-16T14:36:28.772Z","type":"ACTION","user_id":"10","user_name":"admin","role_name":"ADMIN","method":"GET","path":"/api/exams/blocks-by-district/2901","action":"GET /api/exams/blocks-by-district/2901","ip":"::1"}
{"timestamp":"2025-12-16T14:36:28.776Z","type":"ACTION","user_id":"10","user_name":"admin","role_name":"ADMIN","method":"GET","path":"/api/exams/divisions-by-state/1","action":"GET /api/exams/divisions-by-state/1","ip":"::1"}
{"timestamp":"2025-12-16T14:36:28.790Z","type":"ACTION","user_id":"10","user_name":"admin","role_name":"ADMIN","method":"GET","path":"/api/exams/blocks-by-district/2901","action":"GET /api/exams/blocks-by-district/2901","ip":"::1"}
{"timestamp":"2025-12-16T14:36:28.799Z","type":"ACTION","user_id":"10","user_name":"admin","role_name":"ADMIN","method":"GET","path":"/api/exams/blocks-by-district/2901","action":"GET /api/exams/blocks-by-district/2901","ip":"::1"}
{"timestamp":"2025-12-16T14:36:28.808Z","type":"ACTION","user_id":"10","user_name":"admin","role_name":"ADMIN","method":"GET","path":"/api/exams/exam-centres","action":"GET /api/exams/exam-centres","ip":"::1"}
{"timestamp":"2025-12-16T14:36:28.813Z","type":"ACTION","user_id":"10","user_name":"admin","role_name":"ADMIN","method":"GET","path":"/api/exams/blocks-by-district/2901","action":"GET /api/exams/blocks-by-district/2901","ip":"::1"}
{"timestamp":"2025-12-16T14:36:28.823Z","type":"ACTION","user_id":"10","user_name":"admin","role_name":"ADMIN","method":"GET","path":"/api/exams/used-blocks","action":"GET /api/exams/used-blocks","ip":"::1"}
{"timestamp":"2025-12-16T14:37:51.876Z","type":"ACTION","user_id":"10","user_name":"admin","role_name":"ADMIN","method":"GET","path":"/api/exams/assigned","action":"GET /api/exams/assigned","ip":"::1"}
{"timestamp":"2025-12-16T14:37:51.880Z","type":"ACTION","user_id":"10","user_name":"admin","role_name":"ADMIN","method":"GET","path":"/api/exams/exam-centres","action":"GET /api/exams/exam-centres","ip":"::1"}
{"timestamp":"2025-12-16T14:37:51.892Z","type":"ACTION","user_id":"10","user_name":"admin","role_name":"ADMIN","method":"GET","path":"/api/exams/divisions-by-state/1","action":"GET /api/exams/divisions-by-state/1","ip":"::1"}
{"timestamp":"2025-12-16T14:37:51.919Z","type":"ACTION","user_id":"10","user_name":"admin","role_name":"ADMIN","method":"GET","path":"/api/exams/used-blocks","action":"GET /api/exams/used-blocks","ip":"::1"}
{"timestamp":"2025-12-16T14:37:52.054Z","type":"ACTION","user_id":"10","user_name":"admin","role_name":"ADMIN","method":"GET","path":"/api/exams/exam-centres","action":"GET /api/exams/exam-centres","ip":"::1"}
{"timestamp":"2025-12-16T14:37:52.076Z","type":"ACTION","user_id":"10","user_name":"admin","role_name":"ADMIN","method":"GET","path":"/api/exams/assigned","action":"GET /api/exams/assigned","ip":"::1"}
{"timestamp":"2025-12-16T14:37:52.096Z","type":"ACTION","user_id":"10","user_name":"admin","role_name":"ADMIN","method":"GET","path":"/api/exams/blocks-by-district/2901","action":"GET /api/exams/blocks-by-district/2901","ip":"::1"}
{"timestamp":"2025-12-16T14:37:52.109Z","type":"ACTION","user_id":"10","user_name":"admin","role_name":"ADMIN","method":"GET","path":"/api/exams/blocks-by-district/2901","action":"GET /api/exams/blocks-by-district/2901","ip":"::1"}
{"timestamp":"2025-12-16T14:37:52.114Z","type":"ACTION","user_id":"10","user_name":"admin","role_name":"ADMIN","method":"GET","path":"/api/exams/divisions-by-state/1","action":"GET /api/exams/divisions-by-state/1","ip":"::1"}
{"timestamp":"2025-12-16T14:37:52.122Z","type":"ACTION","user_id":"10","user_name":"admin","role_name":"ADMIN","method":"GET","path":"/api/exams/blocks-by-district/2901","action":"GET /api/exams/blocks-by-district/2901","ip":"::1"}
{"timestamp":"2025-12-16T14:37:52.131Z","type":"ACTION","user_id":"10","user_name":"admin","role_name":"ADMIN","method":"GET","path":"/api/exams/used-blocks","action":"GET /api/exams/used-blocks","ip":"::1"}
{"timestamp":"2025-12-16T14:37:52.136Z","type":"ACTION","user_id":"10","user_name":"admin","role_name":"ADMIN","method":"GET","path":"/api/exams/blocks-by-district/2901","action":"GET /api/exams/blocks-by-district/2901","ip":"::1"}
{"timestamp":"2025-12-16T14:37:54.775Z","type":"ACTION","user_id":"10","user_name":"admin","role_name":"ADMIN","method":"GET","path":"/api/exams/education-districts-by-division/3","action":"GET /api/exams/education-districts-by-division/3","ip":"::1"}
{"timestamp":"2025-12-16T14:37:56.554Z","type":"ACTION","user_id":"10","user_name":"admin","role_name":"ADMIN","method":"GET","path":"/api/exams/blocks-by-district/2902","action":"GET /api/exams/blocks-by-district/2902","ip":"::1"}
{"timestamp":"2025-12-16T14:37:58.849Z","type":"ACTION","user_id":"10","user_name":"admin","role_name":"ADMIN","method":"GET","path":"/api/exams/blocks-by-district/2901","action":"GET /api/exams/blocks-by-district/2901","ip":"::1"}
{"timestamp":"2025-12-16T14:38:17.923Z","type":"ACTION","user_id":"10","user_name":"admin","role_name":"ADMIN","method":"GET","path":"/api/exams/education-districts-by-division/4","action":"GET /api/exams/education-districts-by-division/4","ip":"::1"}
{"timestamp":"2025-12-16T14:38:25.091Z","type":"ACTION","user_id":"10","user_name":"admin","role_name":"ADMIN","method":"GET","path":"/api/exams/blocks-by-district/2935","action":"GET /api/exams/blocks-by-district/2935","ip":"::1"}
{"timestamp":"2025-12-16T14:38:46.460Z","type":"ACTION","user_id":"anonymous","user_name":"anonymous","role_name":"anonymous","method":"GET","path":"/api/evaluation-dashboard/overall","action":"GET /api/evaluation-dashboard/overall","ip":"::1"}
{"timestamp":"2025-12-16T14:38:46.464Z","type":"ACTION","user_id":"anonymous","user_name":"anonymous","role_name":"anonymous","method":"GET","path":"/api/evaluation-dashboard/jurisdictions","action":"GET /api/evaluation-dashboard/jurisdictions","ip":"::1"}
{"timestamp":"2025-12-16T14:38:46.468Z","type":"ACTION","user_id":"anonymous","user_name":"anonymous","role_name":"anonymous","method":"GET","path":"/api/evaluation-dashboard/overall-progress","action":"GET /api/evaluation-dashboard/overall-progress","ip":"::1"}
{"timestamp":"2025-12-16T14:38:46.581Z","type":"ACTION","user_id":"anonymous","user_name":"anonymous","role_name":"anonymous","method":"GET","path":"/api/evaluation-dashboard/overall","action":"GET /api/evaluation-dashboard/overall","ip":"::1"}
{"timestamp":"2025-12-16T14:38:46.591Z","type":"ACTION","user_id":"anonymous","user_name":"anonymous","role_name":"anonymous","method":"GET","path":"/api/evaluation-dashboard/overall-progress","action":"GET /api/evaluation-dashboard/overall-progress","ip":"::1"}
{"timestamp":"2025-12-16T14:38:46.665Z","type":"ACTION","user_id":"anonymous","user_name":"anonymous","role_name":"anonymous","method":"GET","path":"/api/evaluation-dashboard/jurisdictions","action":"GET /api/evaluation-dashboard/jurisdictions","ip":"::1"}
{"timestamp":"2025-12-16T14:39:01.244Z","type":"ACTION","user_id":"10","user_name":"admin","role_name":"ADMIN","method":"GET","path":"/api/evaluation/exam_names","action":"GET /api/evaluation/exam_names","ip":"::1"}
{"timestamp":"2025-12-16T14:39:01.314Z","type":"ACTION","user_id":"10","user_name":"admin","role_name":"ADMIN","method":"GET","path":"/api/evaluation/exam_names","action":"GET /api/evaluation/exam_names","ip":"::1"}
