{"timestamp":"2025-12-09T10:22:20.157Z","type":"ACTION","user_id":"10","user_name":"admin","role_name":"ADMIN","method":"GET","path":"/api/batches/19","action":"GET /api/batches/19","ip":"::1"}
{"timestamp":"2025-12-09T10:22:20.211Z","type":"ACTION","user_id":"10","user_name":"admin","role_name":"ADMIN","method":"GET","path":"/api/batches/19/students","action":"GET /api/batches/19/students","ip":"::1"}
{"timestamp":"2025-12-09T10:22:20.271Z","type":"ACTION","user_id":"10","user_name":"admin","role_name":"ADMIN","method":"GET","path":"/api/system-config/active","action":"GET /api/system-config/active","ip":"::1"}
{"timestamp":"2025-12-09T10:22:20.392Z","type":"ACTION","user_id":"10","user_name":"admin","role_name":"ADMIN","method":"GET","path":"/api/batches/19","action":"GET /api/batches/19","ip":"::1"}
{"timestamp":"2025-12-09T10:22:20.403Z","type":"ACTION","user_id":"10","user_name":"admin","role_name":"ADMIN","method":"GET","path":"/api/batches/19/students","action":"GET /api/batches/19/students","ip":"::1"}
{"timestamp":"2025-12-09T10:22:20.439Z","type":"ACTION","user_id":"10","user_name":"admin","role_name":"ADMIN","method":"GET","path":"/api/system-config/active","action":"GET /api/system-config/active","ip":"::1"}
{"timestamp":"2025-12-09T10:22:22.740Z","type":"ACTION","user_id":"10","user_name":"admin","role_name":"ADMIN","method":"GET","path":"/api/applicants/reg/41250107001","action":"GET /api/applicants/reg/41250107001","ip":"::1"}
{"timestamp":"2025-12-09T10:22:22.768Z","type":"ACTION","user_id":"10","user_name":"admin","role_name":"ADMIN","method":"GET","path":"/api/applicants/reg/41250107001","action":"GET /api/applicants/reg/41250107001","ip":"::1"}
{"timestamp":"2025-12-09T10:22:28.088Z","type":"ACTION","user_id":"10","user_name":"admin","role_name":"ADMIN","method":"GET","path":"/api/batches/names","action":"GET /api/batches/names","ip":"::1"}
{"timestamp":"2025-12-09T10:22:28.098Z","type":"ACTION","user_id":"10","user_name":"admin","role_name":"ADMIN","method":"GET","path":"/api/batches/cohorts","action":"GET /api/batches/cohorts","ip":"::1"}
{"timestamp":"2025-12-09T10:22:28.114Z","type":"ACTION","user_id":"10","user_name":"admin","role_name":"ADMIN","method":"GET","path":"/api/batches/coordinators","action":"GET /api/batches/coordinators","ip":"::1"}
{"timestamp":"2025-12-09T10:22:28.126Z","type":"ACTION","user_id":"10","user_name":"admin","role_name":"ADMIN","method":"GET","path":"/api/batches","action":"GET /api/batches","ip":"::1"}
{"timestamp":"2025-12-09T10:22:28.155Z","type":"ACTION","user_id":"10","user_name":"admin","role_name":"ADMIN","method":"GET","path":"/api/batches/names","action":"GET /api/batches/names","ip":"::1"}
{"timestamp":"2025-12-09T10:22:28.165Z","type":"ACTION","user_id":"10","user_name":"admin","role_name":"ADMIN","method":"GET","path":"/api/batches/cohorts","action":"GET /api/batches/cohorts","ip":"::1"}
{"timestamp":"2025-12-09T10:22:28.184Z","type":"ACTION","user_id":"10","user_name":"admin","role_name":"ADMIN","method":"GET","path":"/api/batches/coordinators","action":"GET /api/batches/coordinators","ip":"::1"}
{"timestamp":"2025-12-09T10:22:28.246Z","type":"ACTION","user_id":"10","user_name":"admin","role_name":"ADMIN","method":"GET","path":"/api/batches","action":"GET /api/batches","ip":"::1"}
{"timestamp":"2025-12-09T10:22:30.063Z","type":"ACTION","user_id":"10","user_name":"admin","role_name":"ADMIN","method":"GET","path":"/api/search-students","action":"GET /api/search-students","ip":"::1"}
{"timestamp":"2025-12-09T10:22:30.113Z","type":"ACTION","user_id":"10","user_name":"admin","role_name":"ADMIN","method":"GET","path":"/api/search-students","action":"GET /api/search-students","ip":"::1"}
{"timestamp":"2025-12-09T10:22:33.938Z","type":"ACTION","user_id":"10","user_name":"admin","role_name":"ADMIN","method":"GET","path":"/api/events","action":"GET /api/events","ip":"::1"}
{"timestamp":"2025-12-09T10:22:33.956Z","type":"ACTION","user_id":"10","user_name":"admin","role_name":"ADMIN","method":"GET","path":"/api/events","action":"GET /api/events","ip":"::1","status":"error","details":{"statusCode":500}}
{"timestamp":"2025-12-09T10:22:33.971Z","type":"ACTION","user_id":"10","user_name":"admin","role_name":"ADMIN","method":"GET","path":"/api/events","action":"GET /api/events","ip":"::1"}
{"timestamp":"2025-12-09T10:22:33.976Z","type":"ACTION","user_id":"10","user_name":"admin","role_name":"ADMIN","method":"GET","path":"/api/events","action":"GET /api/events","ip":"::1","status":"error","details":{"statusCode":500}}
{"timestamp":"2025-12-09T10:22:39.148Z","type":"ACTION","user_id":"10","user_name":"admin","role_name":"ADMIN","method":"GET","path":"/api/coordinator/subjects","action":"GET /api/coordinator/subjects","ip":"::1"}
{"timestamp":"2025-12-09T10:22:39.157Z","type":"ACTION","user_id":"10","user_name":"admin","role_name":"ADMIN","method":"GET","path":"/api/coordinator/teachers","action":"GET /api/coordinator/teachers","ip":"::1"}
{"timestamp":"2025-12-09T10:22:39.179Z","type":"ACTION","user_id":"10","user_name":"admin","role_name":"ADMIN","method":"GET","path":"/api/coordinator/platforms","action":"GET /api/coordinator/platforms","ip":"::1"}
{"timestamp":"2025-12-09T10:22:39.188Z","type":"ACTION","user_id":"10","user_name":"admin","role_name":"ADMIN","method":"GET","path":"/api/batches","action":"GET /api/batches","ip":"::1"}
{"timestamp":"2025-12-09T10:22:39.193Z","type":"ACTION","user_id":"10","user_name":"admin","role_name":"ADMIN","method":"GET","path":"/api/batches/cohorts","action":"GET /api/batches/cohorts","ip":"::1"}
{"timestamp":"2025-12-09T10:22:39.201Z","type":"ACTION","user_id":"10","user_name":"admin","role_name":"ADMIN","method":"GET","path":"/api/coordinator/classrooms","action":"GET /api/coordinator/classrooms","ip":"::1"}
{"timestamp":"2025-12-09T10:22:39.239Z","type":"ACTION","user_id":"10","user_name":"admin","role_name":"ADMIN","method":"GET","path":"/api/coordinator/subjects","action":"GET /api/coordinator/subjects","ip":"::1"}
{"timestamp":"2025-12-09T10:22:39.258Z","type":"ACTION","user_id":"10","user_name":"admin","role_name":"ADMIN","method":"GET","path":"/api/coordinator/teachers","action":"GET /api/coordinator/teachers","ip":"::1","status":"error","error":"Failed to fetch teachers","details":{"statusCode":500}}
{"timestamp":"2025-12-09T10:22:39.264Z","type":"ACTION","user_id":"10","user_name":"admin","role_name":"ADMIN","method":"GET","path":"/api/coordinator/teachers","action":"GET /api/coordinator/teachers","ip":"::1"}
{"timestamp":"2025-12-09T10:22:39.271Z","type":"ACTION","user_id":"10","user_name":"admin","role_name":"ADMIN","method":"GET","path":"/api/coordinator/teachers","action":"GET /api/coordinator/teachers","ip":"::1","status":"error","error":"Failed to fetch teachers","details":{"statusCode":500}}
{"timestamp":"2025-12-09T10:22:39.291Z","type":"ACTION","user_id":"10","user_name":"admin","role_name":"ADMIN","method":"GET","path":"/api/batches/cohorts","action":"GET /api/batches/cohorts","ip":"::1"}
{"timestamp":"2025-12-09T10:22:39.296Z","type":"ACTION","user_id":"10","user_name":"admin","role_name":"ADMIN","method":"GET","path":"/api/coordinator/platforms","action":"GET /api/coordinator/platforms","ip":"::1"}
{"timestamp":"2025-12-09T10:22:39.302Z","type":"ACTION","user_id":"10","user_name":"admin","role_name":"ADMIN","method":"GET","path":"/api/coordinator/classrooms","action":"GET /api/coordinator/classrooms","ip":"::1"}
{"timestamp":"2025-12-09T10:22:39.313Z","type":"ACTION","user_id":"10","user_name":"admin","role_name":"ADMIN","method":"GET","path":"/api/batches","action":"GET /api/batches","ip":"::1"}
{"timestamp":"2025-12-09T10:22:45.347Z","type":"ACTION","user_id":"10","user_name":"admin","role_name":"ADMIN","method":"GET","path":"/api/search-students","action":"GET /api/search-students","ip":"::1"}
{"timestamp":"2025-12-09T10:22:45.378Z","type":"ACTION","user_id":"10","user_name":"admin","role_name":"ADMIN","method":"GET","path":"/api/search-students","action":"GET /api/search-students","ip":"::1"}
{"timestamp":"2025-12-09T10:22:46.838Z","type":"ACTION","user_id":"10","user_name":"admin","role_name":"ADMIN","method":"GET","path":"/api/reports/filters","action":"GET /api/reports/filters","ip":"::1"}
{"timestamp":"2025-12-09T10:22:46.842Z","type":"ACTION","user_id":"10","user_name":"admin","role_name":"ADMIN","method":"GET","path":"/api/reports/filters","action":"GET /api/reports/filters","ip":"::1","status":"error","error":"Route not found","details":{"statusCode":404}}
{"timestamp":"2025-12-09T10:22:46.849Z","type":"ACTION","user_id":"10","user_name":"admin","role_name":"ADMIN","method":"GET","path":"/api/reports/filters","action":"GET /api/reports/filters","ip":"::1"}
{"timestamp":"2025-12-09T10:22:46.850Z","type":"ACTION","user_id":"10","user_name":"admin","role_name":"ADMIN","method":"GET","path":"/api/reports/filters","action":"GET /api/reports/filters","ip":"::1","status":"error","error":"Route not found","details":{"statusCode":404}}
{"timestamp":"2025-12-09T10:22:49.199Z","type":"ACTION","user_id":"10","user_name":"admin","role_name":"ADMIN","method":"GET","path":"/api/batches/coordinators","action":"GET /api/batches/coordinators","ip":"::1"}
{"timestamp":"2025-12-09T10:22:49.211Z","type":"ACTION","user_id":"10","user_name":"admin","role_name":"ADMIN","method":"GET","path":"/api/batches/names","action":"GET /api/batches/names","ip":"::1"}
{"timestamp":"2025-12-09T10:22:49.214Z","type":"ACTION","user_id":"10","user_name":"admin","role_name":"ADMIN","method":"GET","path":"/api/batches/cohorts","action":"GET /api/batches/cohorts","ip":"::1"}
{"timestamp":"2025-12-09T10:22:49.217Z","type":"ACTION","user_id":"10","user_name":"admin","role_name":"ADMIN","method":"GET","path":"/api/batches","action":"GET /api/batches","ip":"::1"}
{"timestamp":"2025-12-09T10:22:49.226Z","type":"ACTION","user_id":"10","user_name":"admin","role_name":"ADMIN","method":"GET","path":"/api/batches/names","action":"GET /api/batches/names","ip":"::1"}
{"timestamp":"2025-12-09T10:22:49.231Z","type":"ACTION","user_id":"10","user_name":"admin","role_name":"ADMIN","method":"GET","path":"/api/batches/cohorts","action":"GET /api/batches/cohorts","ip":"::1"}
{"timestamp":"2025-12-09T10:22:49.235Z","type":"ACTION","user_id":"10","user_name":"admin","role_name":"ADMIN","method":"GET","path":"/api/batches","action":"GET /api/batches","ip":"::1"}
{"timestamp":"2025-12-09T10:22:49.239Z","type":"ACTION","user_id":"10","user_name":"admin","role_name":"ADMIN","method":"GET","path":"/api/batches/coordinators","action":"GET /api/batches/coordinators","ip":"::1"}
{"timestamp":"2025-12-09T10:25:38.406Z","type":"ACTION","user_id":"10","user_name":"admin","role_name":"ADMIN","method":"GET","path":"/api/exams/divisions-by-state/1","action":"GET /api/exams/divisions-by-state/1","ip":"::1"}
{"timestamp":"2025-12-09T10:25:38.454Z","type":"ACTION","user_id":"10","user_name":"admin","role_name":"ADMIN","method":"GET","path":"/api/results/all-exams","action":"GET /api/results/all-exams","ip":"::1"}
{"timestamp":"2025-12-09T10:25:38.568Z","type":"ACTION","user_id":"10","user_name":"admin","role_name":"ADMIN","method":"GET","path":"/api/exams/divisions-by-state/1","action":"GET /api/exams/divisions-by-state/1","ip":"::1"}
{"timestamp":"2025-12-09T10:25:38.663Z","type":"ACTION","user_id":"10","user_name":"admin","role_name":"ADMIN","method":"GET","path":"/api/results/all-exams","action":"GET /api/results/all-exams","ip":"::1"}
{"timestamp":"2025-12-09T10:25:46.663Z","type":"ACTION","user_id":"10","user_name":"admin","role_name":"ADMIN","method":"POST","path":"/api/results/search-by-exam","action":"POST /api/results/search-by-exam","ip":"::1"}
{"timestamp":"2025-12-09T10:47:34.973Z","type":"ACTION","user_id":"anonymous","user_name":"anonymous","role_name":"anonymous","method":"GET","path":"/api/evaluation-dashboard/jurisdictions","action":"GET /api/evaluation-dashboard/jurisdictions","ip":"::1"}
{"timestamp":"2025-12-09T10:47:35.176Z","type":"ACTION","user_id":"anonymous","user_name":"anonymous","role_name":"anonymous","method":"GET","path":"/api/evaluation-dashboard/overall","action":"GET /api/evaluation-dashboard/overall","ip":"::1"}
{"timestamp":"2025-12-09T10:47:35.222Z","type":"ACTION","user_id":"anonymous","user_name":"anonymous","role_name":"anonymous","method":"GET","path":"/api/evaluation-dashboard/overall-progress","action":"GET /api/evaluation-dashboard/overall-progress","ip":"::1"}
{"timestamp":"2025-12-09T10:47:35.565Z","type":"ACTION","user_id":"anonymous","user_name":"anonymous","role_name":"anonymous","method":"GET","path":"/api/evaluation-dashboard/overall","action":"GET /api/evaluation-dashboard/overall","ip":"::1"}
{"timestamp":"2025-12-09T10:47:35.633Z","type":"ACTION","user_id":"anonymous","user_name":"anonymous","role_name":"anonymous","method":"GET","path":"/api/evaluation-dashboard/overall-progress","action":"GET /api/evaluation-dashboard/overall-progress","ip":"::1"}
{"timestamp":"2025-12-09T10:47:35.666Z","type":"ACTION","user_id":"anonymous","user_name":"anonymous","role_name":"anonymous","method":"GET","path":"/api/evaluation-dashboard/jurisdictions","action":"GET /api/evaluation-dashboard/jurisdictions","ip":"::1"}
{"timestamp":"2025-12-09T10:47:36.240Z","type":"ACTION","user_id":"10","user_name":"admin","role_name":"ADMIN","method":"GET","path":"/api/exams/exam-centres","action":"GET /api/exams/exam-centres","ip":"::1"}
{"timestamp":"2025-12-09T10:47:36.254Z","type":"ACTION","user_id":"10","user_name":"admin","role_name":"ADMIN","method":"GET","path":"/api/exams/assigned","action":"GET /api/exams/assigned","ip":"::1"}
{"timestamp":"2025-12-09T10:47:36.270Z","type":"ACTION","user_id":"10","user_name":"admin","role_name":"ADMIN","method":"GET","path":"/api/exams/divisions-by-state/1","action":"GET /api/exams/divisions-by-state/1","ip":"::1"}
{"timestamp":"2025-12-09T10:47:36.283Z","type":"ACTION","user_id":"10","user_name":"admin","role_name":"ADMIN","method":"GET","path":"/api/exams/notassigned","action":"GET /api/exams/notassigned","ip":"::1"}
{"timestamp":"2025-12-09T10:47:36.315Z","type":"ACTION","user_id":"10","user_name":"admin","role_name":"ADMIN","method":"GET","path":"/api/exams/used-blocks","action":"GET /api/exams/used-blocks","ip":"::1"}
{"timestamp":"2025-12-09T10:47:36.379Z","type":"ACTION","user_id":"10","user_name":"admin","role_name":"ADMIN","method":"GET","path":"/api/exams/exam-centres","action":"GET /api/exams/exam-centres","ip":"::1"}
{"timestamp":"2025-12-09T10:47:36.410Z","type":"ACTION","user_id":"10","user_name":"admin","role_name":"ADMIN","method":"GET","path":"/api/exams/assigned","action":"GET /api/exams/assigned","ip":"::1"}
{"timestamp":"2025-12-09T10:47:36.427Z","type":"ACTION","user_id":"10","user_name":"admin","role_name":"ADMIN","method":"GET","path":"/api/exams/divisions-by-state/1","action":"GET /api/exams/divisions-by-state/1","ip":"::1"}
{"timestamp":"2025-12-09T10:47:36.439Z","type":"ACTION","user_id":"10","user_name":"admin","role_name":"ADMIN","method":"GET","path":"/api/exams/notassigned","action":"GET /api/exams/notassigned","ip":"::1"}
{"timestamp":"2025-12-09T10:47:36.482Z","type":"ACTION","user_id":"10","user_name":"admin","role_name":"ADMIN","method":"GET","path":"/api/exams/used-blocks","action":"GET /api/exams/used-blocks","ip":"::1"}
{"timestamp":"2025-12-09T10:47:36.492Z","type":"ACTION","user_id":"10","user_name":"admin","role_name":"ADMIN","method":"GET","path":"/api/exams/blocks-by-district/2901","action":"GET /api/exams/blocks-by-district/2901","ip":"::1"}
{"timestamp":"2025-12-09T10:47:36.531Z","type":"ACTION","user_id":"10","user_name":"admin","role_name":"ADMIN","method":"GET","path":"/api/exams/blocks-by-district/2901","action":"GET /api/exams/blocks-by-district/2901","ip":"::1"}
{"timestamp":"2025-12-09T10:47:36.549Z","type":"ACTION","user_id":"10","user_name":"admin","role_name":"ADMIN","method":"GET","path":"/api/exams/blocks-by-district/2901","action":"GET /api/exams/blocks-by-district/2901","ip":"::1"}
{"timestamp":"2025-12-09T10:47:36.604Z","type":"ACTION","user_id":"10","user_name":"admin","role_name":"ADMIN","method":"GET","path":"/api/exams/blocks-by-district/2901","action":"GET /api/exams/blocks-by-district/2901","ip":"::1"}
{"timestamp":"2025-12-09T10:47:37.617Z","type":"ACTION","user_id":"anonymous","user_name":"anonymous","role_name":"anonymous","method":"GET","path":"/api/evaluation-dashboard/overall","action":"GET /api/evaluation-dashboard/overall","ip":"::1"}
{"timestamp":"2025-12-09T10:47:37.621Z","type":"ACTION","user_id":"anonymous","user_name":"anonymous","role_name":"anonymous","method":"GET","path":"/api/evaluation-dashboard/jurisdictions","action":"GET /api/evaluation-dashboard/jurisdictions","ip":"::1"}
{"timestamp":"2025-12-09T10:47:37.641Z","type":"ACTION","user_id":"anonymous","user_name":"anonymous","role_name":"anonymous","method":"GET","path":"/api/evaluation-dashboard/overall-progress","action":"GET /api/evaluation-dashboard/overall-progress","ip":"::1"}
{"timestamp":"2025-12-09T10:47:37.760Z","type":"ACTION","user_id":"anonymous","user_name":"anonymous","role_name":"anonymous","method":"GET","path":"/api/evaluation-dashboard/overall-progress","action":"GET /api/evaluation-dashboard/overall-progress","ip":"::1"}
{"timestamp":"2025-12-09T10:47:37.778Z","type":"ACTION","user_id":"anonymous","user_name":"anonymous","role_name":"anonymous","method":"GET","path":"/api/evaluation-dashboard/jurisdictions","action":"GET /api/evaluation-dashboard/jurisdictions","ip":"::1"}
{"timestamp":"2025-12-09T10:47:37.803Z","type":"ACTION","user_id":"anonymous","user_name":"anonymous","role_name":"anonymous","method":"GET","path":"/api/evaluation-dashboard/overall","action":"GET /api/evaluation-dashboard/overall","ip":"::1"}
{"timestamp":"2025-12-09T11:07:56.293Z","type":"ACTION","user_id":"10","user_name":"admin","role_name":"ADMIN","method":"GET","path":"/api/evaluation/exam_names","action":"GET /api/evaluation/exam_names","ip":"::1"}
{"timestamp":"2025-12-09T11:07:57.135Z","type":"ACTION","user_id":"10","user_name":"admin","role_name":"ADMIN","method":"GET","path":"/api/evaluation/exam_names","action":"GET /api/evaluation/exam_names","ip":"::1"}
{"timestamp":"2025-12-09T11:07:58.900Z","type":"ACTION","user_id":"10","user_name":"admin","role_name":"ADMIN","method":"POST","path":"/api/evaluation/exam_query","action":"POST /api/evaluation/exam_query","ip":"::1"}
{"timestamp":"2025-12-09T11:07:58.940Z","type":"ACTION","user_id":"10","user_name":"admin","role_name":"ADMIN","method":"POST","path":"/api/evaluation/exam_query","action":"POST /api/evaluation/exam_query","ip":"::1","status":"error","error":"Route not found","details":{"statusCode":404}}
{"timestamp":"2025-12-09T11:08:00.154Z","type":"ACTION","user_id":"10","user_name":"admin","role_name":"ADMIN","method":"POST","path":"/api/evaluation/download_excel","action":"POST /api/evaluation/download_excel","ip":"::1"}
{"timestamp":"2025-12-09T11:45:45.051Z","type":"ACTION","user_id":"10","user_name":"admin","role_name":"ADMIN","method":"GET","path":"/api/exams/divisions-by-state/1","action":"GET /api/exams/divisions-by-state/1","ip":"::1"}
{"timestamp":"2025-12-09T11:45:46.032Z","type":"ACTION","user_id":"10","user_name":"admin","role_name":"ADMIN","method":"GET","path":"/api/results/all-exams","action":"GET /api/results/all-exams","ip":"::1"}
{"timestamp":"2025-12-09T11:45:46.634Z","type":"ACTION","user_id":"10","user_name":"admin","role_name":"ADMIN","method":"GET","path":"/api/results/all-exams","action":"GET /api/results/all-exams","ip":"::1"}
{"timestamp":"2025-12-09T11:45:46.678Z","type":"ACTION","user_id":"10","user_name":"admin","role_name":"ADMIN","method":"GET","path":"/api/exams/divisions-by-state/1","action":"GET /api/exams/divisions-by-state/1","ip":"::1"}
{"timestamp":"2025-12-09T11:45:48.931Z","type":"ACTION","user_id":"10","user_name":"admin","role_name":"ADMIN","method":"GET","path":"/api/exams/divisions-by-state/1","action":"GET /api/exams/divisions-by-state/1","ip":"::1"}
{"timestamp":"2025-12-09T11:45:48.991Z","type":"ACTION","user_id":"10","user_name":"admin","role_name":"ADMIN","method":"GET","path":"/api/results/all-exams","action":"GET /api/results/all-exams","ip":"::1"}
{"timestamp":"2025-12-09T11:45:49.047Z","type":"ACTION","user_id":"10","user_name":"admin","role_name":"ADMIN","method":"GET","path":"/api/system-config/active","action":"GET /api/system-config/active","ip":"::1"}
{"timestamp":"2025-12-09T11:45:49.191Z","type":"ACTION","user_id":"10","user_name":"admin","role_name":"ADMIN","method":"GET","path":"/api/exams/divisions-by-state/1","action":"GET /api/exams/divisions-by-state/1","ip":"::1"}
{"timestamp":"2025-12-09T11:45:49.239Z","type":"ACTION","user_id":"10","user_name":"admin","role_name":"ADMIN","method":"GET","path":"/api/results/all-exams","action":"GET /api/results/all-exams","ip":"::1"}
{"timestamp":"2025-12-09T11:45:49.482Z","type":"ACTION","user_id":"10","user_name":"admin","role_name":"ADMIN","method":"GET","path":"/api/system-config/active","action":"GET /api/system-config/active","ip":"::1"}
{"timestamp":"2025-12-09T11:46:14.833Z","type":"ACTION","user_id":"10","user_name":"admin","role_name":"ADMIN","method":"GET","path":"/api/exams/education-districts-by-division/3","action":"GET /api/exams/education-districts-by-division/3","ip":"::1"}
{"timestamp":"2025-12-09T11:46:17.831Z","type":"ACTION","user_id":"10","user_name":"admin","role_name":"ADMIN","method":"GET","path":"/api/exams/blocks-by-district/2901","action":"GET /api/exams/blocks-by-district/2901","ip":"::1"}
{"timestamp":"2025-12-09T11:46:24.721Z","type":"ACTION","user_id":"10","user_name":"admin","role_name":"ADMIN","method":"POST","path":"/api/results/search-by-blocks","action":"POST /api/results/search-by-blocks","ip":"::1"}
{"timestamp":"2025-12-09T11:48:34.427Z","type":"ACTION","user_id":"10","user_name":"admin","role_name":"ADMIN","method":"POST","path":"/api/results/search-by-blocks","action":"POST /api/results/search-by-blocks","ip":"::1"}
{"timestamp":"2025-12-09T11:48:40.361Z","type":"ACTION","user_id":"10","user_name":"admin","role_name":"ADMIN","method":"POST","path":"/api/results/download-by-blocks","action":"POST /api/results/download-by-blocks","ip":"::1"}
{"timestamp":"2025-12-09T11:51:23.914Z","type":"ACTION","user_id":"10","user_name":"admin","role_name":"ADMIN","method":"GET","path":"/api/exams/divisions-by-state/1","action":"GET /api/exams/divisions-by-state/1","ip":"::1"}
{"timestamp":"2025-12-09T11:51:23.933Z","type":"ACTION","user_id":"10","user_name":"admin","role_name":"ADMIN","method":"GET","path":"/api/results/all-exams","action":"GET /api/results/all-exams","ip":"::1"}
{"timestamp":"2025-12-09T11:51:23.950Z","type":"ACTION","user_id":"10","user_name":"admin","role_name":"ADMIN","method":"GET","path":"/api/system-config/active","action":"GET /api/system-config/active","ip":"::1"}
{"timestamp":"2025-12-09T11:51:24.114Z","type":"ACTION","user_id":"10","user_name":"admin","role_name":"ADMIN","method":"GET","path":"/api/results/all-exams","action":"GET /api/results/all-exams","ip":"::1"}
{"timestamp":"2025-12-09T11:51:24.123Z","type":"ACTION","user_id":"10","user_name":"admin","role_name":"ADMIN","method":"GET","path":"/api/exams/divisions-by-state/1","action":"GET /api/exams/divisions-by-state/1","ip":"::1"}
{"timestamp":"2025-12-09T11:51:24.155Z","type":"ACTION","user_id":"10","user_name":"admin","role_name":"ADMIN","method":"GET","path":"/api/system-config/active","action":"GET /api/system-config/active","ip":"::1"}
{"timestamp":"2025-12-09T11:51:37.499Z","type":"ACTION","user_id":"10","user_name":"admin","role_name":"ADMIN","method":"POST","path":"/api/results/download-by-exam","action":"POST /api/results/download-by-exam","ip":"::1"}
{"timestamp":"2025-12-09T11:52:20.406Z","type":"ACTION","user_id":"10","user_name":"admin","role_name":"ADMIN","method":"GET","path":"/api/exams/assigned","action":"GET /api/exams/assigned","ip":"::1"}
{"timestamp":"2025-12-09T11:52:20.416Z","type":"ACTION","user_id":"10","user_name":"admin","role_name":"ADMIN","method":"GET","path":"/api/exams/divisions-by-state/1","action":"GET /api/exams/divisions-by-state/1","ip":"::1"}
{"timestamp":"2025-12-09T11:52:20.431Z","type":"ACTION","user_id":"10","user_name":"admin","role_name":"ADMIN","method":"GET","path":"/api/exams/exam-centres","action":"GET /api/exams/exam-centres","ip":"::1"}
{"timestamp":"2025-12-09T11:52:20.443Z","type":"ACTION","user_id":"10","user_name":"admin","role_name":"ADMIN","method":"GET","path":"/api/exams/used-blocks","action":"GET /api/exams/used-blocks","ip":"::1"}
{"timestamp":"2025-12-09T11:52:20.450Z","type":"ACTION","user_id":"10","user_name":"admin","role_name":"ADMIN","method":"GET","path":"/api/exams/notassigned","action":"GET /api/exams/notassigned","ip":"::1"}
{"timestamp":"2025-12-09T11:52:20.519Z","type":"ACTION","user_id":"10","user_name":"admin","role_name":"ADMIN","method":"GET","path":"/api/exams/exam-centres","action":"GET /api/exams/exam-centres","ip":"::1"}
{"timestamp":"2025-12-09T11:52:20.529Z","type":"ACTION","user_id":"10","user_name":"admin","role_name":"ADMIN","method":"GET","path":"/api/exams/used-blocks","action":"GET /api/exams/used-blocks","ip":"::1"}
{"timestamp":"2025-12-09T11:52:20.535Z","type":"ACTION","user_id":"10","user_name":"admin","role_name":"ADMIN","method":"GET","path":"/api/exams/assigned","action":"GET /api/exams/assigned","ip":"::1"}
{"timestamp":"2025-12-09T11:52:20.541Z","type":"ACTION","user_id":"10","user_name":"admin","role_name":"ADMIN","method":"GET","path":"/api/exams/blocks-by-district/2901","action":"GET /api/exams/blocks-by-district/2901","ip":"::1"}
{"timestamp":"2025-12-09T11:52:20.547Z","type":"ACTION","user_id":"10","user_name":"admin","role_name":"ADMIN","method":"GET","path":"/api/exams/notassigned","action":"GET /api/exams/notassigned","ip":"::1"}
{"timestamp":"2025-12-09T11:52:20.555Z","type":"ACTION","user_id":"10","user_name":"admin","role_name":"ADMIN","method":"GET","path":"/api/exams/blocks-by-district/2901","action":"GET /api/exams/blocks-by-district/2901","ip":"::1"}
{"timestamp":"2025-12-09T11:52:20.564Z","type":"ACTION","user_id":"10","user_name":"admin","role_name":"ADMIN","method":"GET","path":"/api/exams/blocks-by-district/2901","action":"GET /api/exams/blocks-by-district/2901","ip":"::1"}
{"timestamp":"2025-12-09T11:52:20.572Z","type":"ACTION","user_id":"10","user_name":"admin","role_name":"ADMIN","method":"GET","path":"/api/exams/blocks-by-district/2901","action":"GET /api/exams/blocks-by-district/2901","ip":"::1"}
{"timestamp":"2025-12-09T11:52:20.624Z","type":"ACTION","user_id":"10","user_name":"admin","role_name":"ADMIN","method":"GET","path":"/api/exams/divisions-by-state/1","action":"GET /api/exams/divisions-by-state/1","ip":"::1"}
{"timestamp":"2025-12-09T11:53:33.951Z","type":"ACTION","user_id":"anonymous","user_name":"anonymous","role_name":"anonymous","method":"GET","path":"/api/exams/5/B_K_Modal_2025-12-25_10:30/download-all-hall-tickets","action":"GET /api/exams/5/B_K_Modal_2025-12-25_10:30/download-all-hall-tickets","ip":"::1"}
{"timestamp":"2025-12-09T11:55:08.387Z","type":"ACTION","user_id":"anonymous","user_name":"anonymous","role_name":"anonymous","method":"GET","path":"/api/exams/5/student-list","action":"GET /api/exams/5/student-list","ip":"::1"}
{"timestamp":"2025-12-09T11:55:48.129Z","type":"ACTION","user_id":"10","user_name":"admin","role_name":"ADMIN","method":"GET","path":"/api/results/all-exams","action":"GET /api/results/all-exams","ip":"::1"}
{"timestamp":"2025-12-09T11:55:48.146Z","type":"ACTION","user_id":"10","user_name":"admin","role_name":"ADMIN","method":"GET","path":"/api/exams/divisions-by-state/1","action":"GET /api/exams/divisions-by-state/1","ip":"::1"}
{"timestamp":"2025-12-09T11:55:48.277Z","type":"ACTION","user_id":"10","user_name":"admin","role_name":"ADMIN","method":"GET","path":"/api/results/all-exams","action":"GET /api/results/all-exams","ip":"::1"}
{"timestamp":"2025-12-09T11:55:48.293Z","type":"ACTION","user_id":"10","user_name":"admin","role_name":"ADMIN","method":"GET","path":"/api/exams/divisions-by-state/1","action":"GET /api/exams/divisions-by-state/1","ip":"::1"}
